{"/Users/uzorii/ninedevs/@opensource/bunyan-discord/src/index.ts": {"path":"/Users/uzorii/ninedevs/@opensource/bunyan-discord/src/index.ts","statementMap":{"0":{"start":{"line":1,"column":0},"end":{"line":1,"column":35}},"1":{"start":{"line":2,"column":0},"end":{"line":2,"column":33}},"2":{"start":{"line":4,"column":41},"end":{"line":4,"column":43}},"3":{"start":{"line":5,"column":36},"end":{"line":5,"column":43}},"4":{"start":{"line":7,"column":39},"end":{"line":7,"column":72}},"5":{"start":{"line":8,"column":34},"end":{"line":8,"column":42}},"6":{"start":{"line":31,"column":0},"end":{"line":31,"column":null}},"7":{"start":{"line":31,"column":35},"end":{"line":31,"column":43}},"8":{"start":{"line":37,"column":8},"end":{"line":37,"column":null}},"9":{"start":{"line":36,"column":40},"end":{"line":36,"column":65}},"10":{"start":{"line":38,"column":8},"end":{"line":38,"column":null}},"11":{"start":{"line":45,"column":4},"end":{"line":87,"column":null}},"12":{"start":{"line":46,"column":24},"end":{"line":46,"column":52}},"13":{"start":{"line":47,"column":39},"end":{"line":47,"column":null}},"14":{"start":{"line":48,"column":21},"end":{"line":48,"column":67}},"15":{"start":{"line":49,"column":25},"end":{"line":49,"column":57}},"16":{"start":{"line":50,"column":20},"end":{"line":50,"column":47}},"17":{"start":{"line":51,"column":21},"end":{"line":64,"column":null}},"18":{"start":{"line":66,"column":8},"end":{"line":75,"column":null}},"19":{"start":{"line":67,"column":12},"end":{"line":70,"column":null}},"20":{"start":{"line":72,"column":12},"end":{"line":72,"column":null}},"21":{"start":{"line":73,"column":12},"end":{"line":73,"column":null}},"22":{"start":{"line":74,"column":12},"end":{"line":74,"column":null}},"23":{"start":{"line":77,"column":8},"end":{"line":84,"column":null}},"24":{"start":{"line":86,"column":8},"end":{"line":86,"column":null}},"25":{"start":{"line":96,"column":18},"end":{"line":113,"column":null}},"26":{"start":{"line":97,"column":30},"end":{"line":103,"column":null}},"27":{"start":{"line":97,"column":14},"end":{"line":103,"column":null}},"28":{"start":{"line":105,"column":8},"end":{"line":110,"column":null}},"29":{"start":{"line":106,"column":18},"end":{"line":106,"column":null}},"30":{"start":{"line":107,"column":12},"end":{"line":107,"column":null}},"31":{"start":{"line":109,"column":12},"end":{"line":109,"column":null}},"32":{"start":{"line":112,"column":8},"end":{"line":112,"column":null}},"33":{"start":{"line":114,"column":0},"end":{"line":114,"column":null}},"34":{"start":{"line":31,"column":13},"end":{"line":31,"column":26}}},"fnMap":{"0":{"name":"(anonymous_19)","decl":{"start":{"line":31,"column":0},"end":{"line":31,"column":13}},"loc":{"start":{"line":31,"column":0},"end":{"line":114,"column":null}}},"1":{"name":"DiscordStream","decl":{"start":{"line":36,"column":4},"end":{"line":36,"column":40}},"loc":{"start":{"line":36,"column":65},"end":{"line":39,"column":5}}},"2":{"name":"(anonymous_21)","decl":{"start":{"line":45,"column":4},"end":{"line":45,"column":9}},"loc":{"start":{"line":45,"column":20},"end":{"line":87,"column":5}}},"3":{"name":"(anonymous_22)","decl":{"start":{"line":96,"column":4},"end":{"line":96,"column":18}},"loc":{"start":{"line":96,"column":60},"end":{"line":113,"column":null}}}},"branchMap":{"0":{"loc":{"start":{"line":37,"column":8},"end":{"line":37,"column":15}},"type":"binary-expr","locations":[{"start":{"line":37,"column":8},"end":{"line":37,"column":15}},{"start":{"line":37,"column":15},"end":{"line":37,"column":null}}]},"1":{"loc":{"start":{"line":66,"column":8},"end":{"line":75,"column":null}},"type":"if","locations":[{"start":{"line":66,"column":8},"end":{"line":75,"column":null}},{"start":{"line":66,"column":8},"end":{"line":75,"column":null}}]},"2":{"loc":{"start":{"line":97,"column":30},"end":{"line":103,"column":null}},"type":"switch","locations":[{"start":{"line":97,"column":30},"end":{"line":103,"column":null}}]},"3":{"loc":{"start":{"line":105,"column":8},"end":{"line":110,"column":null}},"type":"if","locations":[{"start":{"line":105,"column":8},"end":{"line":110,"column":null}},{"start":{"line":105,"column":8},"end":{"line":110,"column":null}}]}},"s":{"0":1,"1":1,"2":1,"3":1,"4":1,"5":1,"6":1,"7":1,"8":1,"9":1,"10":1,"11":1,"12":1,"13":4,"14":1,"15":1,"16":1,"17":1,"18":1,"19":1,"20":1,"21":1,"22":1,"23":1,"24":1,"25":1,"26":1,"27":1,"28":1,"29":0,"30":0,"31":0,"32":1,"33":1,"34":1},"f":{"0":1,"1":1,"2":1,"3":1},"b":{"0":[1,1],"1":[1,0],"2":[1],"3":[0,1]}}
}
