TN:
SF:src/index.ts
FN:31,(anonymous_19)
FN:36,DiscordStream
FN:45,(anonymous_21)
FN:96,(anonymous_22)
FNF:4
FNH:4
FNDA:1,(anonymous_19)
FNDA:1,DiscordStream
FNDA:1,(anonymous_21)
FNDA:1,(anonymous_22)
DA:1,1
DA:2,1
DA:4,1
DA:5,1
DA:7,1
DA:8,1
DA:31,1
DA:36,1
DA:37,1
DA:38,1
DA:45,1
DA:46,1
DA:47,4
DA:48,1
DA:49,1
DA:50,1
DA:51,1
DA:66,1
DA:67,1
DA:72,1
DA:73,1
DA:74,1
DA:77,1
DA:86,1
DA:96,1
DA:97,1
DA:105,1
DA:106,0
DA:107,0
DA:109,0
DA:112,1
DA:114,1
LF:32
LH:29
BRDA:37,0,0,1
BRDA:37,0,1,1
BRDA:66,1,0,1
BRDA:66,1,1,0
BRDA:97,2,0,1
BRDA:105,3,0,0
BRDA:105,3,1,1
BRF:7
BRH:5
end_of_record
